\BOOKMARK [0][-]{chapter.1}{Concepts and Caveats}{}% 1
\BOOKMARK [1][-]{section.1.1}{Users}{chapter.1}% 2
\BOOKMARK [1][-]{section.1.2}{Projects}{chapter.1}% 3
\BOOKMARK [1][-]{section.1.3}{Packages}{chapter.1}% 4
\BOOKMARK [1][-]{section.1.4}{Sessions}{chapter.1}% 5
\BOOKMARK [1][-]{section.1.5}{Participants}{chapter.1}% 6
\BOOKMARK [1][-]{section.1.6}{Events}{chapter.1}% 7
\BOOKMARK [1][-]{section.1.7}{Interrupted Connections}{chapter.1}% 8
\BOOKMARK [1][-]{section.1.8}{Spam}{chapter.1}% 9
\BOOKMARK [1][-]{section.1.9}{Source Code Consistency}{chapter.1}% 10
\BOOKMARK [1][-]{section.1.10}{The Debug VM}{chapter.1}% 11
\BOOKMARK [1][-]{section.1.11}{Extensions}{chapter.1}% 12
\BOOKMARK [1][-]{section.1.12}{Database Structure and Notes}{chapter.1}% 13
\BOOKMARK [2][-]{subsection.1.12.1}{Interning}{section.1.12}% 14
\BOOKMARK [0][-]{chapter.2}{Master Events Table}{}% 15
\BOOKMARK [1][-]{section.2.1}{Start/Finish Events}{chapter.2}% 16
\BOOKMARK [2][-]{subsection.2.1.1}{!"bluejstart"! and !"bluejfinish"!}{section.2.1}% 17
\BOOKMARK [1][-]{section.2.2}{Project Events}{chapter.2}% 18
\BOOKMARK [2][-]{subsection.2.2.1}{!"projectopening"!}{section.2.2}% 19
\BOOKMARK [2][-]{subsection.2.2.2}{!"projectclosing"!}{section.2.2}% 20
\BOOKMARK [1][-]{section.2.3}{Package Events}{chapter.2}% 21
\BOOKMARK [2][-]{subsection.2.3.1}{!"packageopening"!}{section.2.3}% 22
\BOOKMARK [2][-]{subsection.2.3.2}{!"packageclosing"!}{section.2.3}% 23
\BOOKMARK [1][-]{section.2.4}{Editing}{chapter.2}% 24
\BOOKMARK [2][-]{subsection.2.4.1}{!"edit"!}{section.2.4}% 25
\BOOKMARK [2][-]{subsection.2.4.2}{!"fileadd"!}{section.2.4}% 26
\BOOKMARK [2][-]{subsection.2.4.3}{!"filedelete"!}{section.2.4}% 27
\BOOKMARK [2][-]{subsection.2.4.4}{!"rename"!}{section.2.4}% 28
\BOOKMARK [1][-]{section.2.5}{Compilation}{chapter.2}% 29
\BOOKMARK [2][-]{subsection.2.5.1}{!"compile"!}{section.2.5}% 30
\BOOKMARK [2][-]{subsection.2.5.2}{Related Tables}{section.2.5}% 31
\BOOKMARK [1][-]{section.2.6}{Miscellaneous Events}{chapter.2}% 32
\BOOKMARK [2][-]{subsection.2.6.1}{!"resettingvm"!}{section.2.6}% 33
\BOOKMARK [2][-]{subsection.2.6.2}{!"terminalopen"! and !"terminalclose"!}{section.2.6}% 34
\BOOKMARK [1][-]{section.2.7}{Debugger Events}{chapter.2}% 35
\BOOKMARK [2][-]{subsection.2.7.1}{!"debuggeropen"! and !"debuggerclose"!}{section.2.7}% 36
\BOOKMARK [2][-]{subsection.2.7.2}{!"debuggerterminate"!}{section.2.7}% 37
\BOOKMARK [2][-]{subsection.2.7.3}{!"debuggercontinue"!}{section.2.7}% 38
\BOOKMARK [2][-]{subsection.2.7.4}{!"debuggerhitbreakpoint"!, !"debuggerstepinto"!, !"debuggerstepover"! and !"debuggerhalt"!}{section.2.7}% 39
\BOOKMARK [2][-]{subsection.2.7.5}{!"debuggerbreakpointadd"! and !"debuggerbreakpointremove"!}{section.2.7}% 40
\BOOKMARK [1][-]{section.2.8}{Codepad}{chapter.2}% 41
\BOOKMARK [2][-]{subsection.2.8.1}{!"codepad"!}{section.2.8}% 42
\BOOKMARK [1][-]{section.2.9}{Method Invocation}{chapter.2}% 43
\BOOKMARK [2][-]{subsection.2.9.1}{!"invokemethod"!}{section.2.9}% 44
\BOOKMARK [1][-]{section.2.10}{Inspector}{chapter.2}% 45
\BOOKMARK [2][-]{subsection.2.10.1}{!"inspectorshow"! and !"inspectorhide"!}{section.2.10}% 46
\BOOKMARK [1][-]{section.2.11}{Object Bench}{chapter.2}% 47
\BOOKMARK [2][-]{subsection.2.11.1}{!"benchget"!}{section.2.11}% 48
\BOOKMARK [2][-]{subsection.2.11.2}{!"removeobject"!}{section.2.11}% 49
\BOOKMARK [1][-]{section.2.12}{Executing Tests}{chapter.2}% 50
\BOOKMARK [2][-]{subsection.2.12.1}{!"runtest"!}{section.2.12}% 51
\BOOKMARK [1][-]{section.2.13}{Recording Tests}{chapter.2}% 52
\BOOKMARK [2][-]{subsection.2.13.1}{!"starttest"!, !"canceltest"! and !"endtest"!}{section.2.13}% 53
\BOOKMARK [2][-]{subsection.2.13.2}{!"assertion"!}{section.2.13}% 54
\BOOKMARK [2][-]{subsection.2.13.3}{!"benchtofixture"! and !"fixturetobench"!}{section.2.13}% 55
\BOOKMARK [1][-]{section.2.14}{Version Control}{chapter.2}% 56
\BOOKMARK [2][-]{subsection.2.14.1}{!"vcshistory"! and !"vcsshare"!}{section.2.14}% 57
\BOOKMARK [2][-]{subsection.2.14.2}{!"vcscommit"! and !"vcsupdate"!}{section.2.14}% 58
\BOOKMARK [2][-]{subsection.2.14.3}{!"vcsstatus"!}{section.2.14}% 59
\BOOKMARK [0][-]{chapter.3}{Other Database Tables}{}% 60
\BOOKMARK [1][-]{section.3.1}{Users}{chapter.3}% 61
\BOOKMARK [1][-]{section.3.2}{Sessions}{chapter.3}% 62
\BOOKMARK [1][-]{section.3.3}{Installation Details}{chapter.3}% 63
\BOOKMARK [1][-]{section.3.4}{Extensions}{chapter.3}% 64
\BOOKMARK [1][-]{section.3.5}{Projects}{chapter.3}% 65
\BOOKMARK [1][-]{section.3.6}{Packages}{chapter.3}% 66
\BOOKMARK [1][-]{section.3.7}{Source Files}{chapter.3}% 67
\BOOKMARK [1][-]{section.3.8}{Source Histories}{chapter.3}% 68
\BOOKMARK [1][-]{section.3.9}{Stack Entries}{chapter.3}% 69
\BOOKMARK [1][-]{section.3.10}{Bench Objects}{chapter.3}% 70
\BOOKMARK [1][-]{section.3.11}{Participant Information}{chapter.3}% 71
\BOOKMARK [0][-]{chapter.4}{Data Access}{}% 72
\BOOKMARK [1][-]{section.4.1}{SSH Access}{chapter.4}% 73
\BOOKMARK [1][-]{section.4.2}{MySQL}{chapter.4}% 74
\BOOKMARK [1][-]{section.4.3}{Feed}{chapter.4}% 75
\BOOKMARK [1][-]{section.4.4}{Analysis Process}{chapter.4}% 76
\BOOKMARK [1][-]{section.4.5}{Data Snapshot}{chapter.4}% 77
\BOOKMARK [0][-]{chapter.5}{Data Use Policies}{}% 78
\BOOKMARK [1][-]{section.5.1}{Data Caching/Copying}{chapter.5}% 79
\BOOKMARK [1][-]{section.5.2}{Data Use}{chapter.5}% 80
\BOOKMARK [1][-]{section.5.3}{Sharing and Publication}{chapter.5}% 81
\BOOKMARK [0][-]{chapter.6}{Beta}{}% 82
\BOOKMARK [1][-]{section.6.1}{Aims}{chapter.6}% 83
\BOOKMARK [1][-]{section.6.2}{Artificialities}{chapter.6}% 84
\BOOKMARK [1][-]{section.6.3}{Notes}{chapter.6}% 85
